INFO:root:Включение программы
INFO:root:Пользователь ввел (7, 7)
INFO:root:Пользователь ввел (3, 3)
INFO:root:Программа вывела цвет клеток
INFO:root:Пользователь ввел 1
INFO:root:Пользователь выиграл поле (3, 3)
INFO:root:Включение программы
INFO:root:Пользователь ввел (7, 4)
INFO:root:Пользователь ввел (5, 5)
INFO:root:Программа вывела цвет клеток
INFO:root:Пользователь ввел 4
INFO:root:Пользователь выиграл поле (5, 5)
INFO:root:Включение программы
INFO:root:Пользователь ввел (8, 3)
INFO:root:Пользователь ввел (7, 4)
INFO:root:Программа вывела цвет клеток
INFO:root:Пользователь ввел 2
INFO:root:Пользователь не угрожает полю (7, 4)
INFO:root:Пользователь выиграл поле (7, 4) с двух ходов
INFO:root:Включение программы
INFO:root:Пользователь ввел (3, 2)
INFO:root:Пользователь ввел (7, 6)
INFO:root:Программа вывела цвет клеток
INFO:root:Пользователь ввел 3
INFO:root:Пользователь выиграл поле (7, 6)
INFO:root:Включение программы
INFO:root:Пользователь ввел (9, 2)
ERROR:root:Неправильный номер
INFO:root:Включение программы
ERROR:root:Пользователь ввел не число
INFO:root:Включение программы
INFO:root:Пользователь ввел (1, 1)
INFO:root:Пользователь ввел (1, 1)
INFO:root:Программа вывела цвет клеток
INFO:root:Пользователь ввел 1
INFO:root:Пользователь выиграл поле (1, 1)
INFO:root:Включение программы
INFO:root:Включение программы
INFO:root:Пользователь ввел (7, 7)
INFO:root:Пользователь ввел (3, 3)
INFO:root:Программа вывела цвет клеток
INFO:root:Пользователь ввел 1
INFO:root:Пользователь выиграл поле (3, 3)
INFO:root:Включение программы
INFO:root:Пользователь ввел (7, 4)
INFO:root:Пользователь ввел (5, 5)
INFO:root:Программа вывела цвет клеток
INFO:root:Пользователь ввел 4
INFO:root:Пользователь выиграл поле (5, 5)
INFO:root:Включение программы
INFO:root:Пользователь ввел (8, 3)
INFO:root:Пользователь ввел (7, 4)
INFO:root:Программа вывела цвет клеток
INFO:root:Пользователь ввел 2
INFO:root:Пользователь не угрожает полю (7, 4)
INFO:root:Пользователь выиграл поле (7, 4) с двух ходов
INFO:root:Включение программы
INFO:root:Пользователь ввел (3, 2)
INFO:root:Пользователь ввел (7, 6)
INFO:root:Программа вывела цвет клеток
INFO:root:Пользователь ввел 3
INFO:root:Пользователь выиграл поле (7, 6)
INFO:root:Включение программы
INFO:root:Пользователь ввел (9, 2)
ERROR:root:Неправильный номер
INFO:root:Включение программы
INFO:root:Пользователь ввел (1, 1)
ERROR:root:Пользователь ввел не число
INFO:root:Включение программы
INFO:root:Пользователь ввел (1, 1)
INFO:root:Пользователь ввел (1, 1)
INFO:root:Программа вывела цвет клеток
INFO:root:Пользователь ввел 1
INFO:root:Пользователь выиграл поле (1, 1)
INFO:root:Включение программы
